This file contains any messages produced by compilers while
running configure, to aid debugging if configure makes a mistake.

It was created by honeybrid configure 0.1.5, which was
generated by GNU Autoconf 2.69.  Invocation command line was

  $ ./configure 

## --------- ##
## Platform. ##
## --------- ##

hostname = cuco
uname -m = x86_64
uname -r = 3.13.0-24-generic
uname -s = Linux
uname -v = #46-Ubuntu SMP Thu Apr 10 19:11:08 UTC 2014

/usr/bin/uname -p = unknown
/bin/uname -X     = unknown

/bin/arch              = unknown
/usr/bin/arch -k       = unknown
/usr/convex/getsysinfo = unknown
/usr/bin/hostinfo      = unknown
/bin/machine           = unknown
/usr/bin/oslevel       = unknown
/bin/universe          = unknown

PATH: /usr/local/sbin
PATH: /usr/local/bin
PATH: /usr/sbin
PATH: /usr/bin
PATH: /sbin
PATH: /bin
PATH: /usr/games
PATH: /usr/local/games


## ----------- ##
## Core tests. ##
## ----------- ##

configure:2403: checking for a BSD-compatible install
configure:2471: result: /usr/bin/install -c
configure:2482: checking whether build environment is sane
configure:2537: result: yes
configure:2575: WARNING: 'missing' script is too old or missing
configure:2688: checking for a thread-safe mkdir -p
configure:2727: result: /bin/mkdir -p
configure:2734: checking for gawk
configure:2750: found /usr/bin/gawk
configure:2761: result: gawk
configure:2772: checking whether make sets $(MAKE)
configure:2794: result: yes
configure:2823: checking whether make supports nested variables
configure:2840: result: yes
configure:3019: checking for gcc
configure:3035: found /usr/bin/gcc
configure:3046: result: gcc
configure:3275: checking for C compiler version
configure:3284: gcc --version >&5
gcc (Ubuntu 4.8.2-19ubuntu1) 4.8.2
Copyright (C) 2013 Free Software Foundation, Inc.
This is free software; see the source for copying conditions.  There is NO
warranty; not even for MERCHANTABILITY or FITNESS FOR A PARTICULAR PURPOSE.

configure:3295: $? = 0
configure:3284: gcc -v >&5
Using built-in specs.
COLLECT_GCC=gcc
COLLECT_LTO_WRAPPER=/usr/lib/gcc/x86_64-linux-gnu/4.8/lto-wrapper
Target: x86_64-linux-gnu
Configured with: ../src/configure -v --with-pkgversion='Ubuntu 4.8.2-19ubuntu1' --with-bugurl=file:///usr/share/doc/gcc-4.8/README.Bugs --enable-languages=c,c++,java,go,d,fortran,objc,obj-c++ --prefix=/usr --program-suffix=-4.8 --enable-shared --enable-linker-build-id --libexecdir=/usr/lib --without-included-gettext --enable-threads=posix --with-gxx-include-dir=/usr/include/c++/4.8 --libdir=/usr/lib --enable-nls --with-sysroot=/ --enable-clocale=gnu --enable-libstdcxx-debug --enable-libstdcxx-time=yes --enable-gnu-unique-object --disable-libmudflap --enable-plugin --with-system-zlib --disable-browser-plugin --enable-java-awt=gtk --enable-gtk-cairo --with-java-home=/usr/lib/jvm/java-1.5.0-gcj-4.8-amd64/jre --enable-java-home --with-jvm-root-dir=/usr/lib/jvm/java-1.5.0-gcj-4.8-amd64 --with-jvm-jar-dir=/usr/lib/jvm-exports/java-1.5.0-gcj-4.8-amd64 --with-arch-directory=amd64 --with-ecj-jar=/usr/share/java/eclipse-ecj.jar --enable-objc-gc --enable-multiarch --disable-werror --with-arch-32=i686 --with-abi=m64 --with-multilib-list=m32,m64,mx32 --with-tune=generic --enable-checking=release --build=x86_64-linux-gnu --host=x86_64-linux-gnu --target=x86_64-linux-gnu
Thread model: posix
gcc version 4.8.2 (Ubuntu 4.8.2-19ubuntu1) 
configure:3295: $? = 0
configure:3284: gcc -V >&5
gcc: error: unrecognized command line option '-V'
gcc: fatal error: no input files
compilation terminated.
configure:3295: $? = 4
configure:3284: gcc -qversion >&5
gcc: error: unrecognized command line option '-qversion'
gcc: fatal error: no input files
compilation terminated.
configure:3295: $? = 4
configure:3315: checking whether the C compiler works
configure:3337: gcc    conftest.c  >&5
configure:3341: $? = 0
configure:3389: result: yes
configure:3392: checking for C compiler default output file name
configure:3394: result: a.out
configure:3400: checking for suffix of executables
configure:3407: gcc -o conftest    conftest.c  >&5
configure:3411: $? = 0
configure:3433: result: 
configure:3455: checking whether we are cross compiling
configure:3463: gcc -o conftest    conftest.c  >&5
configure:3467: $? = 0
configure:3474: ./conftest
configure:3478: $? = 0
configure:3493: result: no
configure:3498: checking for suffix of object files
configure:3520: gcc -c   conftest.c >&5
configure:3524: $? = 0
configure:3545: result: o
configure:3549: checking whether we are using the GNU C compiler
configure:3568: gcc -c   conftest.c >&5
configure:3568: $? = 0
configure:3577: result: yes
configure:3586: checking whether gcc accepts -g
configure:3606: gcc -c -g  conftest.c >&5
configure:3606: $? = 0
configure:3647: result: yes
configure:3664: checking for gcc option to accept ISO C89
configure:3727: gcc  -c -g -O2  conftest.c >&5
configure:3727: $? = 0
configure:3740: result: none needed
configure:3765: checking whether gcc understands -c and -o together
configure:3787: gcc -c conftest.c -o conftest2.o
configure:3790: $? = 0
configure:3787: gcc -c conftest.c -o conftest2.o
configure:3790: $? = 0
configure:3802: result: yes
configure:3830: checking for style of include used by make
configure:3858: result: GNU
configure:3884: checking dependency style of gcc
configure:3995: result: gcc3
configure:4014: checking for gcc option to accept ISO C99
configure:4163: gcc  -c -g -O2  conftest.c >&5
conftest.c:61:29: error: expected ';', ',' or ')' before 'text'
 test_restrict (ccp restrict text)
                             ^
conftest.c: In function 'main':
conftest.c:115:18: error: expected '=', ',', ';', 'asm' or '__attribute__' before 'newvar'
   char *restrict newvar = "Another string";
                  ^
conftest.c:115:18: error: 'newvar' undeclared (first use in this function)
conftest.c:115:18: note: each undeclared identifier is reported only once for each function it appears in
conftest.c:125:3: error: 'for' loop initial declarations are only allowed in C99 mode
   for (int i = 0; i < ia->datasize; ++i)
   ^
conftest.c:125:3: note: use option -std=c99 or -std=gnu99 to compile your code
configure:4163: $? = 1
configure: failed program was:
| /* confdefs.h */
| #define PACKAGE_NAME "honeybrid"
| #define PACKAGE_TARNAME "honeybrid"
| #define PACKAGE_VERSION "0.1.5"
| #define PACKAGE_STRING "honeybrid 0.1.5"
| #define PACKAGE_BUGREPORT "Tamas K Lengyel, tamas.k.lengyel@gmail.com"
| #define PACKAGE_URL ""
| #define PACKAGE "honeybrid"
| #define VERSION "0.1.5"
| /* end confdefs.h.  */
| #include <stdarg.h>
| #include <stdbool.h>
| #include <stdlib.h>
| #include <wchar.h>
| #include <stdio.h>
| 
| // Check varargs macros.  These examples are taken from C99 6.10.3.5.
| #define debug(...) fprintf (stderr, __VA_ARGS__)
| #define showlist(...) puts (#__VA_ARGS__)
| #define report(test,...) ((test) ? puts (#test) : printf (__VA_ARGS__))
| static void
| test_varargs_macros (void)
| {
|   int x = 1234;
|   int y = 5678;
|   debug ("Flag");
|   debug ("X = %d\n", x);
|   showlist (The first, second, and third items.);
|   report (x>y, "x is %d but y is %d", x, y);
| }
| 
| // Check long long types.
| #define BIG64 18446744073709551615ull
| #define BIG32 4294967295ul
| #define BIG_OK (BIG64 / BIG32 == 4294967297ull && BIG64 % BIG32 == 0)
| #if !BIG_OK
|   your preprocessor is broken;
| #endif
| #if BIG_OK
| #else
|   your preprocessor is broken;
| #endif
| static long long int bignum = -9223372036854775807LL;
| static unsigned long long int ubignum = BIG64;
| 
| struct incomplete_array
| {
|   int datasize;
|   double data[];
| };
| 
| struct named_init {
|   int number;
|   const wchar_t *name;
|   double average;
| };
| 
| typedef const char *ccp;
| 
| static inline int
| test_restrict (ccp restrict text)
| {
|   // See if C++-style comments work.
|   // Iterate through items via the restricted pointer.
|   // Also check for declarations in for loops.
|   for (unsigned int i = 0; *(text+i) != '\0'; ++i)
|     continue;
|   return 0;
| }
| 
| // Check varargs and va_copy.
| static void
| test_varargs (const char *format, ...)
| {
|   va_list args;
|   va_start (args, format);
|   va_list args_copy;
|   va_copy (args_copy, args);
| 
|   const char *str;
|   int number;
|   float fnumber;
| 
|   while (*format)
|     {
|       switch (*format++)
| 	{
| 	case 's': // string
| 	  str = va_arg (args_copy, const char *);
| 	  break;
| 	case 'd': // int
| 	  number = va_arg (args_copy, int);
| 	  break;
| 	case 'f': // float
| 	  fnumber = va_arg (args_copy, double);
| 	  break;
| 	default:
| 	  break;
| 	}
|     }
|   va_end (args_copy);
|   va_end (args);
| }
| 
| int
| main ()
| {
| 
|   // Check bool.
|   _Bool success = false;
| 
|   // Check restrict.
|   if (test_restrict ("String literal") == 0)
|     success = true;
|   char *restrict newvar = "Another string";
| 
|   // Check varargs.
|   test_varargs ("s, d' f .", "string", 65, 34.234);
|   test_varargs_macros ();
| 
|   // Check flexible array members.
|   struct incomplete_array *ia =
|     malloc (sizeof (struct incomplete_array) + (sizeof (double) * 10));
|   ia->datasize = 10;
|   for (int i = 0; i < ia->datasize; ++i)
|     ia->data[i] = i * 1.234;
| 
|   // Check named initializers.
|   struct named_init ni = {
|     .number = 34,
|     .name = L"Test wide string",
|     .average = 543.34343,
|   };
| 
|   ni.number = 58;
| 
|   int dynamic_array[ni.number];
|   dynamic_array[ni.number - 1] = 543;
| 
|   // work around unused variable warnings
|   return (!success || bignum == 0LL || ubignum == 0uLL || newvar[0] == 'x'
| 	  || dynamic_array[ni.number - 1] != 543);
| 
|   ;
|   return 0;
| }
configure:4163: gcc -std=gnu99 -c -g -O2  conftest.c >&5
configure:4163: $? = 0
configure:4183: result: -std=gnu99
configure:4284: checking for gcc -std=gnu99 option to accept ISO Standard C
configure:4298: result: -std=gnu99
configure:4360: checking for g++
configure:4376: found /usr/bin/g++
configure:4387: result: g++
configure:4414: checking for C++ compiler version
configure:4423: g++ --version >&5
g++ (Ubuntu 4.8.2-19ubuntu1) 4.8.2
Copyright (C) 2013 Free Software Foundation, Inc.
This is free software; see the source for copying conditions.  There is NO
warranty; not even for MERCHANTABILITY or FITNESS FOR A PARTICULAR PURPOSE.

configure:4434: $? = 0
configure:4423: g++ -v >&5
Using built-in specs.
COLLECT_GCC=g++
COLLECT_LTO_WRAPPER=/usr/lib/gcc/x86_64-linux-gnu/4.8/lto-wrapper
Target: x86_64-linux-gnu
Configured with: ../src/configure -v --with-pkgversion='Ubuntu 4.8.2-19ubuntu1' --with-bugurl=file:///usr/share/doc/gcc-4.8/README.Bugs --enable-languages=c,c++,java,go,d,fortran,objc,obj-c++ --prefix=/usr --program-suffix=-4.8 --enable-shared --enable-linker-build-id --libexecdir=/usr/lib --without-included-gettext --enable-threads=posix --with-gxx-include-dir=/usr/include/c++/4.8 --libdir=/usr/lib --enable-nls --with-sysroot=/ --enable-clocale=gnu --enable-libstdcxx-debug --enable-libstdcxx-time=yes --enable-gnu-unique-object --disable-libmudflap --enable-plugin --with-system-zlib --disable-browser-plugin --enable-java-awt=gtk --enable-gtk-cairo --with-java-home=/usr/lib/jvm/java-1.5.0-gcj-4.8-amd64/jre --enable-java-home --with-jvm-root-dir=/usr/lib/jvm/java-1.5.0-gcj-4.8-amd64 --with-jvm-jar-dir=/usr/lib/jvm-exports/java-1.5.0-gcj-4.8-amd64 --with-arch-directory=amd64 --with-ecj-jar=/usr/share/java/eclipse-ecj.jar --enable-objc-gc --enable-multiarch --disable-werror --with-arch-32=i686 --with-abi=m64 --with-multilib-list=m32,m64,mx32 --with-tune=generic --enable-checking=release --build=x86_64-linux-gnu --host=x86_64-linux-gnu --target=x86_64-linux-gnu
Thread model: posix
gcc version 4.8.2 (Ubuntu 4.8.2-19ubuntu1) 
configure:4434: $? = 0
configure:4423: g++ -V >&5
g++: error: unrecognized command line option '-V'
g++: fatal error: no input files
compilation terminated.
configure:4434: $? = 4
configure:4423: g++ -qversion >&5
g++: error: unrecognized command line option '-qversion'
g++: fatal error: no input files
compilation terminated.
configure:4434: $? = 4
configure:4438: checking whether we are using the GNU C++ compiler
configure:4457: g++ -c   conftest.cpp >&5
configure:4457: $? = 0
configure:4466: result: yes
configure:4475: checking whether g++ accepts -g
configure:4495: g++ -c -g  conftest.cpp >&5
configure:4495: $? = 0
configure:4536: result: yes
configure:4561: checking dependency style of g++
configure:4672: result: gcc3
configure:4692: checking for flex
configure:4722: result: no
configure:4692: checking for lex
configure:4722: result: no
configure:4851: checking for bison
configure:4881: result: no
configure:4851: checking for byacc
configure:4881: result: no
configure:4930: checking whether C compiler accepts -fno-strict-overflow
configure:4949: ./scripts/wrap-compiler-for-flag-check gcc -std=gnu99 -c -g -O2 -Werror  -fno-strict-overflow  conftest.c >&5

configure:4949: $? = 0
configure:4957: result: yes
configure:4966: checking whether C++ compiler accepts -fno-strict-overflow
configure:4985: ./scripts/wrap-compiler-for-flag-check g++ -c -g -O2 -Werror  -fno-strict-overflow  conftest.cpp >&5

configure:4985: $? = 0
configure:4993: result: yes
configure:5025: checking whether C compiler accepts -D_FORTIFY_SOURCE=2
configure:5044: ./scripts/wrap-compiler-for-flag-check gcc -std=gnu99 -c -g -O2 -Werror  -D_FORTIFY_SOURCE=2  conftest.c >&5

configure:5044: $? = 0
configure:5052: result: yes
configure:5061: checking whether C++ compiler accepts -D_FORTIFY_SOURCE=2
configure:5080: ./scripts/wrap-compiler-for-flag-check g++ -c -g -O2 -Werror  -D_FORTIFY_SOURCE=2  conftest.cpp >&5

configure:5080: $? = 0
configure:5088: result: yes
configure:5119: checking whether C compiler accepts -fstack-protector-all
configure:5138: ./scripts/wrap-compiler-for-flag-check gcc -std=gnu99 -c -g -O2 -Werror  -fstack-protector-all  conftest.c >&5

configure:5138: $? = 0
configure:5146: result: yes
configure:5155: checking whether C++ compiler accepts -fstack-protector-all
configure:5174: ./scripts/wrap-compiler-for-flag-check g++ -c -g -O2 -Werror  -fstack-protector-all  conftest.cpp >&5

configure:5174: $? = 0
configure:5182: result: yes
configure:5185: checking whether the linker accepts -fstack-protector-all
configure:5204: ./scripts/wrap-compiler-for-flag-check g++ -o conftest -g -O2   -Werror  -fstack-protector-all conftest.cpp  >&5

configure:5204: $? = 0
configure:5213: result: yes
configure:5223: checking whether C compiler accepts -Wstack-protector
configure:5242: ./scripts/wrap-compiler-for-flag-check gcc -std=gnu99 -c -g -O2 -Werror -fstack-protector-all -Wstack-protector  conftest.c >&5

configure:5242: $? = 0
configure:5250: result: yes
configure:5259: checking whether C++ compiler accepts -Wstack-protector
configure:5278: ./scripts/wrap-compiler-for-flag-check g++ -c -g -O2 -Werror -fstack-protector-all -Wstack-protector  conftest.cpp >&5

configure:5278: $? = 0
configure:5286: result: yes
configure:5316: checking whether C compiler accepts --param ssp-buffer-size=1
configure:5335: ./scripts/wrap-compiler-for-flag-check gcc -std=gnu99 -c -g -O2 -Werror -fstack-protector-all --param ssp-buffer-size=1  conftest.c >&5

configure:5335: $? = 0
configure:5343: result: yes
configure:5352: checking whether C++ compiler accepts --param ssp-buffer-size=1
configure:5371: ./scripts/wrap-compiler-for-flag-check g++ -c -g -O2 -Werror -fstack-protector-all --param ssp-buffer-size=1  conftest.cpp >&5

configure:5371: $? = 0
configure:5379: result: yes
configure:5437: checking whether C compiler accepts -fPIE
configure:5456: ./scripts/wrap-compiler-for-flag-check gcc -std=gnu99 -c -g -O2 -Werror  -fPIE  conftest.c >&5

configure:5456: $? = 0
configure:5464: result: yes
configure:5473: checking whether C++ compiler accepts -fPIE
configure:5492: ./scripts/wrap-compiler-for-flag-check g++ -c -g -O2 -Werror  -fPIE  conftest.cpp >&5

configure:5492: $? = 0
configure:5500: result: yes
configure:5503: checking whether the linker accepts -fPIE -pie
configure:5522: ./scripts/wrap-compiler-for-flag-check g++ -o conftest -g -O2   -Werror  -fPIE -pie conftest.cpp  >&5

configure:5522: $? = 0
configure:5531: result: yes
configure:5597: checking whether the linker accepts -Wl,-z,relro
configure:5616: ./scripts/wrap-compiler-for-flag-check gcc -std=gnu99 -o conftest -g -O2   -Werror  -Wl,-z,relro conftest.c  >&5

configure:5616: $? = 0
configure:5625: result: yes
configure:5629: checking whether the linker accepts -Wl,-z,now
configure:5648: ./scripts/wrap-compiler-for-flag-check gcc -std=gnu99 -o conftest -g -O2   -Werror  -Wl,-z,now conftest.c  >&5

configure:5648: $? = 0
configure:5657: result: yes
configure:5686: checking how to run the C preprocessor
configure:5717: gcc -std=gnu99 -E  conftest.c
configure:5717: $? = 0
configure:5731: gcc -std=gnu99 -E  conftest.c
conftest.c:11:28: fatal error: ac_nonexistent.h: No such file or directory
 #include <ac_nonexistent.h>
                            ^
compilation terminated.
configure:5731: $? = 1
configure: failed program was:
| /* confdefs.h */
| #define PACKAGE_NAME "honeybrid"
| #define PACKAGE_TARNAME "honeybrid"
| #define PACKAGE_VERSION "0.1.5"
| #define PACKAGE_STRING "honeybrid 0.1.5"
| #define PACKAGE_BUGREPORT "Tamas K Lengyel, tamas.k.lengyel@gmail.com"
| #define PACKAGE_URL ""
| #define PACKAGE "honeybrid"
| #define VERSION "0.1.5"
| /* end confdefs.h.  */
| #include <ac_nonexistent.h>
configure:5756: result: gcc -std=gnu99 -E
configure:5776: gcc -std=gnu99 -E  conftest.c
configure:5776: $? = 0
configure:5790: gcc -std=gnu99 -E  conftest.c
conftest.c:11:28: fatal error: ac_nonexistent.h: No such file or directory
 #include <ac_nonexistent.h>
                            ^
compilation terminated.
configure:5790: $? = 1
configure: failed program was:
| /* confdefs.h */
| #define PACKAGE_NAME "honeybrid"
| #define PACKAGE_TARNAME "honeybrid"
| #define PACKAGE_VERSION "0.1.5"
| #define PACKAGE_STRING "honeybrid 0.1.5"
| #define PACKAGE_BUGREPORT "Tamas K Lengyel, tamas.k.lengyel@gmail.com"
| #define PACKAGE_URL ""
| #define PACKAGE "honeybrid"
| #define VERSION "0.1.5"
| /* end confdefs.h.  */
| #include <ac_nonexistent.h>
configure:5819: checking for grep that handles long lines and -e
configure:5877: result: /bin/grep
configure:5882: checking for egrep
configure:5944: result: /bin/grep -E
configure:5949: checking for ANSI C header files
configure:5969: gcc -std=gnu99 -c -g -O2  conftest.c >&5
configure:5969: $? = 0
configure:6042: gcc -std=gnu99 -o conftest -g -O2   conftest.c  >&5
configure:6042: $? = 0
configure:6042: ./conftest
configure:6042: $? = 0
configure:6053: result: yes
configure:6066: checking for sys/types.h
configure:6066: gcc -std=gnu99 -c -g -O2  conftest.c >&5
configure:6066: $? = 0
configure:6066: result: yes
configure:6066: checking for sys/stat.h
configure:6066: gcc -std=gnu99 -c -g -O2  conftest.c >&5
configure:6066: $? = 0
configure:6066: result: yes
configure:6066: checking for stdlib.h
configure:6066: gcc -std=gnu99 -c -g -O2  conftest.c >&5
configure:6066: $? = 0
configure:6066: result: yes
configure:6066: checking for string.h
configure:6066: gcc -std=gnu99 -c -g -O2  conftest.c >&5
configure:6066: $? = 0
configure:6066: result: yes
configure:6066: checking for memory.h
configure:6066: gcc -std=gnu99 -c -g -O2  conftest.c >&5
configure:6066: $? = 0
configure:6066: result: yes
configure:6066: checking for strings.h
configure:6066: gcc -std=gnu99 -c -g -O2  conftest.c >&5
configure:6066: $? = 0
configure:6066: result: yes
configure:6066: checking for inttypes.h
configure:6066: gcc -std=gnu99 -c -g -O2  conftest.c >&5
configure:6066: $? = 0
configure:6066: result: yes
configure:6066: checking for stdint.h
configure:6066: gcc -std=gnu99 -c -g -O2  conftest.c >&5
configure:6066: $? = 0
configure:6066: result: yes
configure:6066: checking for unistd.h
configure:6066: gcc -std=gnu99 -c -g -O2  conftest.c >&5
configure:6066: $? = 0
configure:6066: result: yes
configure:6081: checking arpa/inet.h usability
configure:6081: gcc -std=gnu99 -c -g -O2  conftest.c >&5
configure:6081: $? = 0
configure:6081: result: yes
configure:6081: checking arpa/inet.h presence
configure:6081: gcc -std=gnu99 -E  conftest.c
configure:6081: $? = 0
configure:6081: result: yes
configure:6081: checking for arpa/inet.h
configure:6081: result: yes
configure:6081: checking fcntl.h usability
configure:6081: gcc -std=gnu99 -c -g -O2  conftest.c >&5
configure:6081: $? = 0
configure:6081: result: yes
configure:6081: checking fcntl.h presence
configure:6081: gcc -std=gnu99 -E  conftest.c
configure:6081: $? = 0
configure:6081: result: yes
configure:6081: checking for fcntl.h
configure:6081: result: yes
configure:6081: checking malloc.h usability
configure:6081: gcc -std=gnu99 -c -g -O2  conftest.c >&5
configure:6081: $? = 0
configure:6081: result: yes
configure:6081: checking malloc.h presence
configure:6081: gcc -std=gnu99 -E  conftest.c
configure:6081: $? = 0
configure:6081: result: yes
configure:6081: checking for malloc.h
configure:6081: result: yes
configure:6081: checking netinet/in.h usability
configure:6081: gcc -std=gnu99 -c -g -O2  conftest.c >&5
configure:6081: $? = 0
configure:6081: result: yes
configure:6081: checking netinet/in.h presence
configure:6081: gcc -std=gnu99 -E  conftest.c
configure:6081: $? = 0
configure:6081: result: yes
configure:6081: checking for netinet/in.h
configure:6081: result: yes
configure:6081: checking for stdlib.h
configure:6081: result: yes
configure:6081: checking for string.h
configure:6081: result: yes
configure:6081: checking sys/param.h usability
configure:6081: gcc -std=gnu99 -c -g -O2  conftest.c >&5
configure:6081: $? = 0
configure:6081: result: yes
configure:6081: checking sys/param.h presence
configure:6081: gcc -std=gnu99 -E  conftest.c
configure:6081: $? = 0
configure:6081: result: yes
configure:6081: checking for sys/param.h
configure:6081: result: yes
configure:6081: checking sys/socket.h usability
configure:6081: gcc -std=gnu99 -c -g -O2  conftest.c >&5
configure:6081: $? = 0
configure:6081: result: yes
configure:6081: checking sys/socket.h presence
configure:6081: gcc -std=gnu99 -E  conftest.c
configure:6081: $? = 0
configure:6081: result: yes
configure:6081: checking for sys/socket.h
configure:6081: result: yes
configure:6081: checking sys/time.h usability
configure:6081: gcc -std=gnu99 -c -g -O2  conftest.c >&5
configure:6081: $? = 0
configure:6081: result: yes
configure:6081: checking sys/time.h presence
configure:6081: gcc -std=gnu99 -E  conftest.c
configure:6081: $? = 0
configure:6081: result: yes
configure:6081: checking for sys/time.h
configure:6081: result: yes
configure:6081: checking syslog.h usability
configure:6081: gcc -std=gnu99 -c -g -O2  conftest.c >&5
configure:6081: $? = 0
configure:6081: result: yes
configure:6081: checking syslog.h presence
configure:6081: gcc -std=gnu99 -E  conftest.c
configure:6081: $? = 0
configure:6081: result: yes
configure:6081: checking for syslog.h
configure:6081: result: yes
configure:6081: checking for unistd.h
configure:6081: result: yes
configure:6093: checking for an ANSI C-conforming const
configure:6159: gcc -std=gnu99 -c -g -O2  conftest.c >&5
configure:6159: $? = 0
configure:6166: result: yes
configure:6174: checking for stdbool.h that conforms to C99
configure:6241: gcc -std=gnu99 -c -g -O2  conftest.c >&5
configure:6241: $? = 0
configure:6248: result: yes
configure:6250: checking for _Bool
configure:6250: gcc -std=gnu99 -c -g -O2  conftest.c >&5
configure:6250: $? = 0
configure:6250: gcc -std=gnu99 -c -g -O2  conftest.c >&5
conftest.c: In function 'main':
conftest.c:68:20: error: expected expression before ')' token
 if (sizeof ((_Bool)))
                    ^
configure:6250: $? = 1
configure: failed program was:
| /* confdefs.h */
| #define PACKAGE_NAME "honeybrid"
| #define PACKAGE_TARNAME "honeybrid"
| #define PACKAGE_VERSION "0.1.5"
| #define PACKAGE_STRING "honeybrid 0.1.5"
| #define PACKAGE_BUGREPORT "Tamas K Lengyel, tamas.k.lengyel@gmail.com"
| #define PACKAGE_URL ""
| #define PACKAGE "honeybrid"
| #define VERSION "0.1.5"
| #define STDC_HEADERS 1
| #define HAVE_SYS_TYPES_H 1
| #define HAVE_SYS_STAT_H 1
| #define HAVE_STDLIB_H 1
| #define HAVE_STRING_H 1
| #define HAVE_MEMORY_H 1
| #define HAVE_STRINGS_H 1
| #define HAVE_INTTYPES_H 1
| #define HAVE_STDINT_H 1
| #define HAVE_UNISTD_H 1
| #define HAVE_ARPA_INET_H 1
| #define HAVE_FCNTL_H 1
| #define HAVE_MALLOC_H 1
| #define HAVE_NETINET_IN_H 1
| #define HAVE_STDLIB_H 1
| #define HAVE_STRING_H 1
| #define HAVE_SYS_PARAM_H 1
| #define HAVE_SYS_SOCKET_H 1
| #define HAVE_SYS_TIME_H 1
| #define HAVE_SYSLOG_H 1
| #define HAVE_UNISTD_H 1
| /* end confdefs.h.  */
| #include <stdio.h>
| #ifdef HAVE_SYS_TYPES_H
| # include <sys/types.h>
| #endif
| #ifdef HAVE_SYS_STAT_H
| # include <sys/stat.h>
| #endif
| #ifdef STDC_HEADERS
| # include <stdlib.h>
| # include <stddef.h>
| #else
| # ifdef HAVE_STDLIB_H
| #  include <stdlib.h>
| # endif
| #endif
| #ifdef HAVE_STRING_H
| # if !defined STDC_HEADERS && defined HAVE_MEMORY_H
| #  include <memory.h>
| # endif
| # include <string.h>
| #endif
| #ifdef HAVE_STRINGS_H
| # include <strings.h>
| #endif
| #ifdef HAVE_INTTYPES_H
| # include <inttypes.h>
| #endif
| #ifdef HAVE_STDINT_H
| # include <stdint.h>
| #endif
| #ifdef HAVE_UNISTD_H
| # include <unistd.h>
| #endif
| int
| main ()
| {
| if (sizeof ((_Bool)))
| 	    return 0;
|   ;
|   return 0;
| }
configure:6250: result: yes
configure:6267: checking for size_t
configure:6267: gcc -std=gnu99 -c -g -O2  conftest.c >&5
configure:6267: $? = 0
configure:6267: gcc -std=gnu99 -c -g -O2  conftest.c >&5
conftest.c: In function 'main':
conftest.c:70:21: error: expected expression before ')' token
 if (sizeof ((size_t)))
                     ^
configure:6267: $? = 1
configure: failed program was:
| /* confdefs.h */
| #define PACKAGE_NAME "honeybrid"
| #define PACKAGE_TARNAME "honeybrid"
| #define PACKAGE_VERSION "0.1.5"
| #define PACKAGE_STRING "honeybrid 0.1.5"
| #define PACKAGE_BUGREPORT "Tamas K Lengyel, tamas.k.lengyel@gmail.com"
| #define PACKAGE_URL ""
| #define PACKAGE "honeybrid"
| #define VERSION "0.1.5"
| #define STDC_HEADERS 1
| #define HAVE_SYS_TYPES_H 1
| #define HAVE_SYS_STAT_H 1
| #define HAVE_STDLIB_H 1
| #define HAVE_STRING_H 1
| #define HAVE_MEMORY_H 1
| #define HAVE_STRINGS_H 1
| #define HAVE_INTTYPES_H 1
| #define HAVE_STDINT_H 1
| #define HAVE_UNISTD_H 1
| #define HAVE_ARPA_INET_H 1
| #define HAVE_FCNTL_H 1
| #define HAVE_MALLOC_H 1
| #define HAVE_NETINET_IN_H 1
| #define HAVE_STDLIB_H 1
| #define HAVE_STRING_H 1
| #define HAVE_SYS_PARAM_H 1
| #define HAVE_SYS_SOCKET_H 1
| #define HAVE_SYS_TIME_H 1
| #define HAVE_SYSLOG_H 1
| #define HAVE_UNISTD_H 1
| #define HAVE__BOOL 1
| #define HAVE_STDBOOL_H 1
| /* end confdefs.h.  */
| #include <stdio.h>
| #ifdef HAVE_SYS_TYPES_H
| # include <sys/types.h>
| #endif
| #ifdef HAVE_SYS_STAT_H
| # include <sys/stat.h>
| #endif
| #ifdef STDC_HEADERS
| # include <stdlib.h>
| # include <stddef.h>
| #else
| # ifdef HAVE_STDLIB_H
| #  include <stdlib.h>
| # endif
| #endif
| #ifdef HAVE_STRING_H
| # if !defined STDC_HEADERS && defined HAVE_MEMORY_H
| #  include <memory.h>
| # endif
| # include <string.h>
| #endif
| #ifdef HAVE_STRINGS_H
| # include <strings.h>
| #endif
| #ifdef HAVE_INTTYPES_H
| # include <inttypes.h>
| #endif
| #ifdef HAVE_STDINT_H
| # include <stdint.h>
| #endif
| #ifdef HAVE_UNISTD_H
| # include <unistd.h>
| #endif
| int
| main ()
| {
| if (sizeof ((size_t)))
| 	    return 0;
|   ;
|   return 0;
| }
configure:6267: result: yes
configure:6278: checking whether time.h and sys/time.h may both be included
configure:6298: gcc -std=gnu99 -c -g -O2  conftest.c >&5
configure:6298: $? = 0
configure:6305: result: yes
configure:6313: checking whether struct tm is in sys/time.h or time.h
configure:6333: gcc -std=gnu99 -c -g -O2  conftest.c >&5
configure:6333: $? = 0
configure:6340: result: time.h
configure:6350: checking for pid_t
configure:6350: gcc -std=gnu99 -c -g -O2  conftest.c >&5
configure:6350: $? = 0
configure:6350: gcc -std=gnu99 -c -g -O2  conftest.c >&5
conftest.c: In function 'main':
conftest.c:71:20: error: expected expression before ')' token
 if (sizeof ((pid_t)))
                    ^
configure:6350: $? = 1
configure: failed program was:
| /* confdefs.h */
| #define PACKAGE_NAME "honeybrid"
| #define PACKAGE_TARNAME "honeybrid"
| #define PACKAGE_VERSION "0.1.5"
| #define PACKAGE_STRING "honeybrid 0.1.5"
| #define PACKAGE_BUGREPORT "Tamas K Lengyel, tamas.k.lengyel@gmail.com"
| #define PACKAGE_URL ""
| #define PACKAGE "honeybrid"
| #define VERSION "0.1.5"
| #define STDC_HEADERS 1
| #define HAVE_SYS_TYPES_H 1
| #define HAVE_SYS_STAT_H 1
| #define HAVE_STDLIB_H 1
| #define HAVE_STRING_H 1
| #define HAVE_MEMORY_H 1
| #define HAVE_STRINGS_H 1
| #define HAVE_INTTYPES_H 1
| #define HAVE_STDINT_H 1
| #define HAVE_UNISTD_H 1
| #define HAVE_ARPA_INET_H 1
| #define HAVE_FCNTL_H 1
| #define HAVE_MALLOC_H 1
| #define HAVE_NETINET_IN_H 1
| #define HAVE_STDLIB_H 1
| #define HAVE_STRING_H 1
| #define HAVE_SYS_PARAM_H 1
| #define HAVE_SYS_SOCKET_H 1
| #define HAVE_SYS_TIME_H 1
| #define HAVE_SYSLOG_H 1
| #define HAVE_UNISTD_H 1
| #define HAVE__BOOL 1
| #define HAVE_STDBOOL_H 1
| #define TIME_WITH_SYS_TIME 1
| /* end confdefs.h.  */
| #include <stdio.h>
| #ifdef HAVE_SYS_TYPES_H
| # include <sys/types.h>
| #endif
| #ifdef HAVE_SYS_STAT_H
| # include <sys/stat.h>
| #endif
| #ifdef STDC_HEADERS
| # include <stdlib.h>
| # include <stddef.h>
| #else
| # ifdef HAVE_STDLIB_H
| #  include <stdlib.h>
| # endif
| #endif
| #ifdef HAVE_STRING_H
| # if !defined STDC_HEADERS && defined HAVE_MEMORY_H
| #  include <memory.h>
| # endif
| # include <string.h>
| #endif
| #ifdef HAVE_STRINGS_H
| # include <strings.h>
| #endif
| #ifdef HAVE_INTTYPES_H
| # include <inttypes.h>
| #endif
| #ifdef HAVE_STDINT_H
| # include <stdint.h>
| #endif
| #ifdef HAVE_UNISTD_H
| # include <unistd.h>
| #endif
| int
| main ()
| {
| if (sizeof ((pid_t)))
| 	    return 0;
|   ;
|   return 0;
| }
configure:6350: result: yes
configure:6363: checking vfork.h usability
configure:6363: gcc -std=gnu99 -c -g -O2  conftest.c >&5
conftest.c:68:19: fatal error: vfork.h: No such file or directory
 #include <vfork.h>
                   ^
compilation terminated.
configure:6363: $? = 1
configure: failed program was:
| /* confdefs.h */
| #define PACKAGE_NAME "honeybrid"
| #define PACKAGE_TARNAME "honeybrid"
| #define PACKAGE_VERSION "0.1.5"
| #define PACKAGE_STRING "honeybrid 0.1.5"
| #define PACKAGE_BUGREPORT "Tamas K Lengyel, tamas.k.lengyel@gmail.com"
| #define PACKAGE_URL ""
| #define PACKAGE "honeybrid"
| #define VERSION "0.1.5"
| #define STDC_HEADERS 1
| #define HAVE_SYS_TYPES_H 1
| #define HAVE_SYS_STAT_H 1
| #define HAVE_STDLIB_H 1
| #define HAVE_STRING_H 1
| #define HAVE_MEMORY_H 1
| #define HAVE_STRINGS_H 1
| #define HAVE_INTTYPES_H 1
| #define HAVE_STDINT_H 1
| #define HAVE_UNISTD_H 1
| #define HAVE_ARPA_INET_H 1
| #define HAVE_FCNTL_H 1
| #define HAVE_MALLOC_H 1
| #define HAVE_NETINET_IN_H 1
| #define HAVE_STDLIB_H 1
| #define HAVE_STRING_H 1
| #define HAVE_SYS_PARAM_H 1
| #define HAVE_SYS_SOCKET_H 1
| #define HAVE_SYS_TIME_H 1
| #define HAVE_SYSLOG_H 1
| #define HAVE_UNISTD_H 1
| #define HAVE__BOOL 1
| #define HAVE_STDBOOL_H 1
| #define TIME_WITH_SYS_TIME 1
| /* end confdefs.h.  */
| #include <stdio.h>
| #ifdef HAVE_SYS_TYPES_H
| # include <sys/types.h>
| #endif
| #ifdef HAVE_SYS_STAT_H
| # include <sys/stat.h>
| #endif
| #ifdef STDC_HEADERS
| # include <stdlib.h>
| # include <stddef.h>
| #else
| # ifdef HAVE_STDLIB_H
| #  include <stdlib.h>
| # endif
| #endif
| #ifdef HAVE_STRING_H
| # if !defined STDC_HEADERS && defined HAVE_MEMORY_H
| #  include <memory.h>
| # endif
| # include <string.h>
| #endif
| #ifdef HAVE_STRINGS_H
| # include <strings.h>
| #endif
| #ifdef HAVE_INTTYPES_H
| # include <inttypes.h>
| #endif
| #ifdef HAVE_STDINT_H
| # include <stdint.h>
| #endif
| #ifdef HAVE_UNISTD_H
| # include <unistd.h>
| #endif
| #include <vfork.h>
configure:6363: result: no
configure:6363: checking vfork.h presence
configure:6363: gcc -std=gnu99 -E  conftest.c
conftest.c:35:19: fatal error: vfork.h: No such file or directory
 #include <vfork.h>
                   ^
compilation terminated.
configure:6363: $? = 1
configure: failed program was:
| /* confdefs.h */
| #define PACKAGE_NAME "honeybrid"
| #define PACKAGE_TARNAME "honeybrid"
| #define PACKAGE_VERSION "0.1.5"
| #define PACKAGE_STRING "honeybrid 0.1.5"
| #define PACKAGE_BUGREPORT "Tamas K Lengyel, tamas.k.lengyel@gmail.com"
| #define PACKAGE_URL ""
| #define PACKAGE "honeybrid"
| #define VERSION "0.1.5"
| #define STDC_HEADERS 1
| #define HAVE_SYS_TYPES_H 1
| #define HAVE_SYS_STAT_H 1
| #define HAVE_STDLIB_H 1
| #define HAVE_STRING_H 1
| #define HAVE_MEMORY_H 1
| #define HAVE_STRINGS_H 1
| #define HAVE_INTTYPES_H 1
| #define HAVE_STDINT_H 1
| #define HAVE_UNISTD_H 1
| #define HAVE_ARPA_INET_H 1
| #define HAVE_FCNTL_H 1
| #define HAVE_MALLOC_H 1
| #define HAVE_NETINET_IN_H 1
| #define HAVE_STDLIB_H 1
| #define HAVE_STRING_H 1
| #define HAVE_SYS_PARAM_H 1
| #define HAVE_SYS_SOCKET_H 1
| #define HAVE_SYS_TIME_H 1
| #define HAVE_SYSLOG_H 1
| #define HAVE_UNISTD_H 1
| #define HAVE__BOOL 1
| #define HAVE_STDBOOL_H 1
| #define TIME_WITH_SYS_TIME 1
| /* end confdefs.h.  */
| #include <vfork.h>
configure:6363: result: no
configure:6363: checking for vfork.h
configure:6363: result: no
configure:6376: checking for fork
configure:6376: gcc -std=gnu99 -o conftest -g -O2   conftest.c  >&5
conftest.c:58:6: warning: conflicting types for built-in function 'fork' [enabled by default]
 char fork ();
      ^
configure:6376: $? = 0
configure:6376: result: yes
configure:6376: checking for vfork
configure:6376: gcc -std=gnu99 -o conftest -g -O2   conftest.c  >&5
configure:6376: $? = 0
configure:6376: result: yes
configure:6386: checking for working fork
configure:6408: gcc -std=gnu99 -o conftest -g -O2   conftest.c  >&5
configure:6408: $? = 0
configure:6408: ./conftest
configure:6408: $? = 0
configure:6418: result: yes
configure:6439: checking for working vfork
configure:6549: result: yes
configure:6576: checking for stdlib.h
configure:6576: result: yes
configure:6586: checking for GNU libc compatible malloc
configure:6610: gcc -std=gnu99 -o conftest -g -O2   conftest.c  >&5
configure:6610: $? = 0
configure:6610: ./conftest
configure:6610: $? = 0
configure:6620: result: yes
configure:6643: checking for stdlib.h
configure:6643: result: yes
configure:6653: checking for GNU libc compatible realloc
configure:6677: gcc -std=gnu99 -o conftest -g -O2   conftest.c  >&5
configure:6677: $? = 0
configure:6677: ./conftest
configure:6677: $? = 0
configure:6687: result: yes
configure:6710: checking for vprintf
configure:6710: gcc -std=gnu99 -o conftest -g -O2   conftest.c  >&5
conftest.c:66:6: warning: conflicting types for built-in function 'vprintf' [enabled by default]
 char vprintf ();
      ^
configure:6710: $? = 0
configure:6710: result: yes
configure:6716: checking for _doprnt
configure:6716: gcc -std=gnu99 -o conftest -g -O2   conftest.c  >&5
/tmp/ccT8lszh.o: In function `main':
/home/efan/Downloads/honeybrid-0.1.5/conftest.c:78: undefined reference to `_doprnt'
collect2: error: ld returned 1 exit status
configure:6716: $? = 1
configure: failed program was:
| /* confdefs.h */
| #define PACKAGE_NAME "honeybrid"
| #define PACKAGE_TARNAME "honeybrid"
| #define PACKAGE_VERSION "0.1.5"
| #define PACKAGE_STRING "honeybrid 0.1.5"
| #define PACKAGE_BUGREPORT "Tamas K Lengyel, tamas.k.lengyel@gmail.com"
| #define PACKAGE_URL ""
| #define PACKAGE "honeybrid"
| #define VERSION "0.1.5"
| #define STDC_HEADERS 1
| #define HAVE_SYS_TYPES_H 1
| #define HAVE_SYS_STAT_H 1
| #define HAVE_STDLIB_H 1
| #define HAVE_STRING_H 1
| #define HAVE_MEMORY_H 1
| #define HAVE_STRINGS_H 1
| #define HAVE_INTTYPES_H 1
| #define HAVE_STDINT_H 1
| #define HAVE_UNISTD_H 1
| #define HAVE_ARPA_INET_H 1
| #define HAVE_FCNTL_H 1
| #define HAVE_MALLOC_H 1
| #define HAVE_NETINET_IN_H 1
| #define HAVE_STDLIB_H 1
| #define HAVE_STRING_H 1
| #define HAVE_SYS_PARAM_H 1
| #define HAVE_SYS_SOCKET_H 1
| #define HAVE_SYS_TIME_H 1
| #define HAVE_SYSLOG_H 1
| #define HAVE_UNISTD_H 1
| #define HAVE__BOOL 1
| #define HAVE_STDBOOL_H 1
| #define TIME_WITH_SYS_TIME 1
| #define HAVE_FORK 1
| #define HAVE_VFORK 1
| #define HAVE_WORKING_VFORK 1
| #define HAVE_WORKING_FORK 1
| #define HAVE_STDLIB_H 1
| #define HAVE_MALLOC 1
| #define HAVE_STDLIB_H 1
| #define HAVE_REALLOC 1
| #define HAVE_VPRINTF 1
| /* end confdefs.h.  */
| /* Define _doprnt to an innocuous variant, in case <limits.h> declares _doprnt.
|    For example, HP-UX 11i <limits.h> declares gettimeofday.  */
| #define _doprnt innocuous__doprnt
| 
| /* System header to define __stub macros and hopefully few prototypes,
|     which can conflict with char _doprnt (); below.
|     Prefer <limits.h> to <assert.h> if __STDC__ is defined, since
|     <limits.h> exists even on freestanding compilers.  */
| 
| #ifdef __STDC__
| # include <limits.h>
| #else
| # include <assert.h>
| #endif
| 
| #undef _doprnt
| 
| /* Override any GCC internal prototype to avoid an error.
|    Use char because int might match the return type of a GCC
|    builtin and then its argument prototype would still apply.  */
| #ifdef __cplusplus
| extern "C"
| #endif
| char _doprnt ();
| /* The GNU C library defines this for functions which it implements
|     to always fail with ENOSYS.  Some functions are actually named
|     something starting with __ and the normal name is an alias.  */
| #if defined __stub__doprnt || defined __stub____doprnt
| choke me
| #endif
| 
| int
| main ()
| {
| return _doprnt ();
|   ;
|   return 0;
| }
configure:6716: result: no
configure:6730: checking for dup2
configure:6730: gcc -std=gnu99 -o conftest -g -O2   conftest.c  >&5
configure:6730: $? = 0
configure:6730: result: yes
configure:6730: checking for gettimeofday
configure:6730: gcc -std=gnu99 -o conftest -g -O2   conftest.c  >&5
configure:6730: $? = 0
configure:6730: result: yes
configure:6730: checking for inet_ntoa
configure:6730: gcc -std=gnu99 -o conftest -g -O2   conftest.c  >&5
configure:6730: $? = 0
configure:6730: result: yes
configure:6730: checking for memset
configure:6730: gcc -std=gnu99 -o conftest -g -O2   conftest.c  >&5
conftest.c:70:6: warning: conflicting types for built-in function 'memset' [enabled by default]
 char memset ();
      ^
configure:6730: $? = 0
configure:6730: result: yes
configure:6730: checking for socket
configure:6730: gcc -std=gnu99 -o conftest -g -O2   conftest.c  >&5
configure:6730: $? = 0
configure:6730: result: yes
configure:6730: checking for strdup
configure:6730: gcc -std=gnu99 -o conftest -g -O2   conftest.c  >&5
conftest.c:72:6: warning: conflicting types for built-in function 'strdup' [enabled by default]
 char strdup ();
      ^
configure:6730: $? = 0
configure:6730: result: yes
configure:6730: checking for strerror
configure:6730: gcc -std=gnu99 -o conftest -g -O2   conftest.c  >&5
configure:6730: $? = 0
configure:6730: result: yes
configure:6730: checking for strstr
configure:6730: gcc -std=gnu99 -o conftest -g -O2   conftest.c  >&5
conftest.c:74:6: warning: conflicting types for built-in function 'strstr' [enabled by default]
 char strstr ();
      ^
configure:6730: $? = 0
configure:6730: result: yes
configure:6799: checking for nfnl_fd in -lnfnetlink
configure:6824: gcc -std=gnu99 -o conftest -g -O2   conftest.c -lnfnetlink   >&5
configure:6824: $? = 0
configure:6833: result: yes
configure:6846: checking for nfq_set_verdict2 in -lnetfilter_queue
configure:6871: gcc -std=gnu99 -o conftest -g -O2   conftest.c -lnetfilter_queue  -lnfnetlink  >&5
configure:6871: $? = 0
configure:6880: result: yes
configure:6888: checking for pcap_compile_nopcap in -lpcap
configure:6913: gcc -std=gnu99 -o conftest -g -O2   conftest.c -lpcap  -lnfnetlink  >&5
configure:6913: $? = 0
configure:6922: result: yes
configure:6930: checking for addr_ntoa in -ldumbnet
configure:6955: gcc -std=gnu99 -o conftest -g -O2   conftest.c -ldumbnet  -lnfnetlink  >&5
configure:6955: $? = 0
configure:6964: result: yes
configure:7028: checking for pkg-config
configure:7046: found /usr/bin/pkg-config
configure:7058: result: /usr/bin/pkg-config
configure:7083: checking pkg-config is at least version 0.9.0
configure:7086: result: yes
configure:7096: checking for CRYPTO
configure:7103: $PKG_CONFIG --exists --print-errors "libcrypto"
configure:7106: $? = 0
configure:7120: $PKG_CONFIG --exists --print-errors "libcrypto"
configure:7123: $? = 0
configure:7181: result: yes
configure:7191: checking for GLIB
configure:7198: $PKG_CONFIG --exists --print-errors "glib-2.0 > 2.0 gthread-2.0 > 2.3"
configure:7201: $? = 0
configure:7215: $PKG_CONFIG --exists --print-errors "glib-2.0 > 2.0 gthread-2.0 > 2.3"
configure:7218: $? = 0
configure:7276: result: yes
configure:7476: checking for mysql_config
configure:7509: result: no
configure:7527: No working MySQL library found, disabling MySQL logging
configure:7658: checking that generated files are newer than configure
configure:7664: result: done
configure:7691: creating ./config.status

## ---------------------- ##
## Running config.status. ##
## ---------------------- ##

This file was extended by honeybrid config.status 0.1.5, which was
generated by GNU Autoconf 2.69.  Invocation command line was

  CONFIG_FILES    = 
  CONFIG_HEADERS  = 
  CONFIG_LINKS    = 
  CONFIG_COMMANDS = 
  $ ./config.status 

on cuco

config.status:918: creating Makefile
config.status:918: creating src/Makefile
config.status:918: creating config.h
config.status:1099: config.h is unchanged
config.status:1147: executing depfiles commands

## ---------------- ##
## Cache variables. ##
## ---------------- ##

ac_cv_c_compiler_gnu=yes
ac_cv_c_const=yes
ac_cv_cxx_compiler_gnu=yes
ac_cv_env_CCC_set=
ac_cv_env_CCC_value=
ac_cv_env_CC_set=
ac_cv_env_CC_value=
ac_cv_env_CFLAGS_set=
ac_cv_env_CFLAGS_value=
ac_cv_env_CPPFLAGS_set=
ac_cv_env_CPPFLAGS_value=
ac_cv_env_CPP_set=
ac_cv_env_CPP_value=
ac_cv_env_CRYPTO_CFLAGS_set=
ac_cv_env_CRYPTO_CFLAGS_value=
ac_cv_env_CRYPTO_LIBS_set=
ac_cv_env_CRYPTO_LIBS_value=
ac_cv_env_CXXFLAGS_set=
ac_cv_env_CXXFLAGS_value=
ac_cv_env_CXX_set=
ac_cv_env_CXX_value=
ac_cv_env_GLIB_CFLAGS_set=
ac_cv_env_GLIB_CFLAGS_value=
ac_cv_env_GLIB_LIBS_set=
ac_cv_env_GLIB_LIBS_value=
ac_cv_env_LDFLAGS_set=
ac_cv_env_LDFLAGS_value=
ac_cv_env_LIBS_set=
ac_cv_env_LIBS_value=
ac_cv_env_PKG_CONFIG_LIBDIR_set=
ac_cv_env_PKG_CONFIG_LIBDIR_value=
ac_cv_env_PKG_CONFIG_PATH_set=
ac_cv_env_PKG_CONFIG_PATH_value=
ac_cv_env_PKG_CONFIG_set=
ac_cv_env_PKG_CONFIG_value=
ac_cv_env_XML2_CFLAGS_set=
ac_cv_env_XML2_CFLAGS_value=
ac_cv_env_XML2_LIBS_set=
ac_cv_env_XML2_LIBS_value=
ac_cv_env_XMPP_CFLAGS_set=
ac_cv_env_XMPP_CFLAGS_value=
ac_cv_env_XMPP_LIBS_set=
ac_cv_env_XMPP_LIBS_value=
ac_cv_env_YACC_set=
ac_cv_env_YACC_value=
ac_cv_env_YFLAGS_set=
ac_cv_env_YFLAGS_value=
ac_cv_env_build_alias_set=
ac_cv_env_build_alias_value=
ac_cv_env_host_alias_set=
ac_cv_env_host_alias_value=
ac_cv_env_target_alias_set=
ac_cv_env_target_alias_value=
ac_cv_func__doprnt=no
ac_cv_func_dup2=yes
ac_cv_func_fork=yes
ac_cv_func_fork_works=yes
ac_cv_func_gettimeofday=yes
ac_cv_func_inet_ntoa=yes
ac_cv_func_malloc_0_nonnull=yes
ac_cv_func_memset=yes
ac_cv_func_realloc_0_nonnull=yes
ac_cv_func_socket=yes
ac_cv_func_strdup=yes
ac_cv_func_strerror=yes
ac_cv_func_strstr=yes
ac_cv_func_vfork=yes
ac_cv_func_vfork_works=yes
ac_cv_func_vprintf=yes
ac_cv_header_arpa_inet_h=yes
ac_cv_header_fcntl_h=yes
ac_cv_header_inttypes_h=yes
ac_cv_header_malloc_h=yes
ac_cv_header_memory_h=yes
ac_cv_header_netinet_in_h=yes
ac_cv_header_stdbool_h=yes
ac_cv_header_stdc=yes
ac_cv_header_stdint_h=yes
ac_cv_header_stdlib_h=yes
ac_cv_header_string_h=yes
ac_cv_header_strings_h=yes
ac_cv_header_sys_param_h=yes
ac_cv_header_sys_socket_h=yes
ac_cv_header_sys_stat_h=yes
ac_cv_header_sys_time_h=yes
ac_cv_header_sys_types_h=yes
ac_cv_header_syslog_h=yes
ac_cv_header_time=yes
ac_cv_header_unistd_h=yes
ac_cv_header_vfork_h=no
ac_cv_lib_dumbnet_addr_ntoa=yes
ac_cv_lib_netfilter_queue_nfq_set_verdict2=yes
ac_cv_lib_nfnetlink_nfnl_fd=yes
ac_cv_lib_pcap_pcap_compile_nopcap=yes
ac_cv_objext=o
ac_cv_path_EGREP='/bin/grep -E'
ac_cv_path_GREP=/bin/grep
ac_cv_path_ac_pt_PKG_CONFIG=/usr/bin/pkg-config
ac_cv_path_install='/usr/bin/install -c'
ac_cv_path_mkdir=/bin/mkdir
ac_cv_prog_AWK=gawk
ac_cv_prog_CPP='gcc -std=gnu99 -E'
ac_cv_prog_ac_ct_CC=gcc
ac_cv_prog_ac_ct_CXX=g++
ac_cv_prog_cc_c89=
ac_cv_prog_cc_c99=-std=gnu99
ac_cv_prog_cc_g=yes
ac_cv_prog_cc_stdc=-std=gnu99
ac_cv_prog_cxx_g=yes
ac_cv_prog_make_make_set=yes
ac_cv_struct_tm=time.h
ac_cv_type__Bool=yes
ac_cv_type_pid_t=yes
ac_cv_type_size_t=yes
am_cv_CC_dependencies_compiler_type=gcc3
am_cv_CXX_dependencies_compiler_type=gcc3
am_cv_make_support_nested_variables=yes
am_cv_prog_cc_c_o=yes
ax_cv_check_cflags__Werror___D_FORTIFY_SOURCE_2=yes
ax_cv_check_cflags__Werror___fPIE=yes
ax_cv_check_cflags__Werror___fno_strict_overflow=yes
ax_cv_check_cflags__Werror___fstack_protector_all=yes
ax_cv_check_cflags__Werror__fstack_protector_all__Wstack_protector=yes
ax_cv_check_cflags__Werror__fstack_protector_all___param_ssp_buffer_size_1=yes
ax_cv_check_cxxflags__Werror___D_FORTIFY_SOURCE_2=yes
ax_cv_check_cxxflags__Werror___fPIE=yes
ax_cv_check_cxxflags__Werror___fno_strict_overflow=yes
ax_cv_check_cxxflags__Werror___fstack_protector_all=yes
ax_cv_check_cxxflags__Werror__fstack_protector_all__Wstack_protector=yes
ax_cv_check_cxxflags__Werror__fstack_protector_all___param_ssp_buffer_size_1=yes
ax_cv_check_ldflags__Werror___Wl__z_now=yes
ax_cv_check_ldflags__Werror___Wl__z_relro=yes
ax_cv_check_ldflags__Werror___fPIE__pie=yes
ax_cv_check_ldflags__Werror___fstack_protector_all=yes
pkg_cv_CRYPTO_CFLAGS=' '
pkg_cv_CRYPTO_LIBS='-lcrypto  '
pkg_cv_GLIB_CFLAGS='-pthread -I/usr/include/glib-2.0 -I/usr/lib/x86_64-linux-gnu/glib-2.0/include  '
pkg_cv_GLIB_LIBS='-pthread -lgthread-2.0 -lglib-2.0  '

## ----------------- ##
## Output variables. ##
## ----------------- ##

ACLOCAL='aclocal-1.14'
AMDEPBACKSLASH='\'
AMDEP_FALSE='#'
AMDEP_TRUE=''
AMTAR='$${TAR-tar}'
AM_BACKSLASH='\'
AM_DEFAULT_V='$(AM_DEFAULT_VERBOSITY)'
AM_DEFAULT_VERBOSITY='1'
AM_V='$(V)'
AUTOCONF='autoconf'
AUTOHEADER='autoheader'
AUTOMAKE='automake-1.14'
AWK='gawk'
CC='gcc -std=gnu99'
CCDEPMODE='depmode=gcc3'
CFLAGS='-g -O2'
CORE_LIBS=' -lnetfilter_queue -lpcap -ldumbnet'
CPP='gcc -std=gnu99 -E'
CPPFLAGS=''
CRYPTO_CFLAGS=' '
CRYPTO_LIBS='-lcrypto  '
CXX='g++'
CXXDEPMODE='depmode=gcc3'
CXXFLAGS='-g -O2'
CYGPATH_W='echo'
DEFS='-DHAVE_CONFIG_H'
DEPDIR='.deps'
ECHO_C=''
ECHO_N='-n'
ECHO_T=''
EGREP='/bin/grep -E'
EXEEXT=''
GLIB_CFLAGS='-pthread -I/usr/include/glib-2.0 -I/usr/lib/x86_64-linux-gnu/glib-2.0/include  '
GLIB_LIBS='-pthread -lgthread-2.0 -lglib-2.0  '
GREP='/bin/grep'
HARDEN_CFLAGS=' -fno-strict-overflow -D_FORTIFY_SOURCE=2 -fstack-protector-all -Wstack-protector --param ssp-buffer-size=1 -fPIE'
HARDEN_LDFLAGS=' -pie -Wl,-z,relro -Wl,-z,now'
INSTALL_DATA='${INSTALL} -m 644'
INSTALL_PROGRAM='${INSTALL}'
INSTALL_SCRIPT='${INSTALL}'
INSTALL_STRIP_PROGRAM='$(install_sh) -c -s'
LDFLAGS=''
LEX='flex'
LEXLIB=''
LEX_OUTPUT_ROOT=''
LIBOBJS=''
LIBS='-lnfnetlink '
LTLIBOBJS=''
MAKEINFO='makeinfo'
MKDIR_P='/bin/mkdir -p'
MYSQL_CFLAGS=''
MYSQL_CONFIG=''
MYSQL_LIBS=''
OBJEXT='o'
PACKAGE='honeybrid'
PACKAGE_BUGREPORT='Tamas K Lengyel, tamas.k.lengyel@gmail.com'
PACKAGE_NAME='honeybrid'
PACKAGE_STRING='honeybrid 0.1.5'
PACKAGE_TARNAME='honeybrid'
PACKAGE_URL=''
PACKAGE_VERSION='0.1.5'
PATH_SEPARATOR=':'
PKG_CONFIG='/usr/bin/pkg-config'
PKG_CONFIG_LIBDIR=''
PKG_CONFIG_PATH=''
SET_MAKE=''
SHELL='/bin/bash'
STRIP=''
VERSION='0.1.5'
XML2_CFLAGS=''
XML2_LIBS=''
XMPP_CFLAGS=''
XMPP_LIBS=''
YACC='yacc'
YFLAGS=''
ac_ct_CC='gcc'
ac_ct_CXX='g++'
am__EXEEXT_FALSE=''
am__EXEEXT_TRUE='#'
am__fastdepCC_FALSE='#'
am__fastdepCC_TRUE=''
am__fastdepCXX_FALSE='#'
am__fastdepCXX_TRUE=''
am__include='include'
am__isrc=''
am__leading_dot='.'
am__nodep='_no'
am__quote=''
am__tar='$${TAR-tar} chof - "$$tardir"'
am__untar='$${TAR-tar} xf -'
bindir='${exec_prefix}/bin'
build_alias=''
datadir='${datarootdir}'
datarootdir='${prefix}/share'
doc=''
docdir='${datarootdir}/doc/${PACKAGE_TARNAME}'
dvidir='${docdir}'
exec_prefix='${prefix}'
host_alias=''
htmldir='${docdir}'
includedir='${prefix}/include'
infodir='${datarootdir}/info'
install_sh='${SHELL} /home/efan/Downloads/honeybrid-0.1.5/install-sh'
libdir='${exec_prefix}/lib'
libexecdir='${exec_prefix}/libexec'
localedir='${datarootdir}/locale'
localstatedir='${prefix}/var'
mandir='${datarootdir}/man'
mkdir_p='$(MKDIR_P)'
oldincludedir='/usr/include'
pdfdir='${docdir}'
prefix='/usr/local'
program_transform_name='s,x,x,'
psdir='${docdir}'
sbindir='${exec_prefix}/sbin'
sharedstatedir='${prefix}/com'
sysconfdir='${prefix}/etc'
target_alias=''
xmpp_listener=''

## ----------- ##
## confdefs.h. ##
## ----------- ##

/* confdefs.h */
#define PACKAGE_NAME "honeybrid"
#define PACKAGE_TARNAME "honeybrid"
#define PACKAGE_VERSION "0.1.5"
#define PACKAGE_STRING "honeybrid 0.1.5"
#define PACKAGE_BUGREPORT "Tamas K Lengyel, tamas.k.lengyel@gmail.com"
#define PACKAGE_URL ""
#define PACKAGE "honeybrid"
#define VERSION "0.1.5"
#define STDC_HEADERS 1
#define HAVE_SYS_TYPES_H 1
#define HAVE_SYS_STAT_H 1
#define HAVE_STDLIB_H 1
#define HAVE_STRING_H 1
#define HAVE_MEMORY_H 1
#define HAVE_STRINGS_H 1
#define HAVE_INTTYPES_H 1
#define HAVE_STDINT_H 1
#define HAVE_UNISTD_H 1
#define HAVE_ARPA_INET_H 1
#define HAVE_FCNTL_H 1
#define HAVE_MALLOC_H 1
#define HAVE_NETINET_IN_H 1
#define HAVE_STDLIB_H 1
#define HAVE_STRING_H 1
#define HAVE_SYS_PARAM_H 1
#define HAVE_SYS_SOCKET_H 1
#define HAVE_SYS_TIME_H 1
#define HAVE_SYSLOG_H 1
#define HAVE_UNISTD_H 1
#define HAVE__BOOL 1
#define HAVE_STDBOOL_H 1
#define TIME_WITH_SYS_TIME 1
#define HAVE_FORK 1
#define HAVE_VFORK 1
#define HAVE_WORKING_VFORK 1
#define HAVE_WORKING_FORK 1
#define HAVE_STDLIB_H 1
#define HAVE_MALLOC 1
#define HAVE_STDLIB_H 1
#define HAVE_REALLOC 1
#define HAVE_VPRINTF 1
#define HAVE_DUP2 1
#define HAVE_GETTIMEOFDAY 1
#define HAVE_INET_NTOA 1
#define HAVE_MEMSET 1
#define HAVE_SOCKET 1
#define HAVE_STRDUP 1
#define HAVE_STRERROR 1
#define HAVE_STRSTR 1
#define HAVE_LIBNFNETLINK 1
#define HAVE_CRYPTO 1

configure: exit 0

## ---------------------- ##
## Running config.status. ##
## ---------------------- ##

This file was extended by honeybrid config.status 0.1.5, which was
generated by GNU Autoconf 2.69.  Invocation command line was

  CONFIG_FILES    = 
  CONFIG_HEADERS  = 
  CONFIG_LINKS    = 
  CONFIG_COMMANDS = 
  $ ./config.status config.h

on cuco

config.status:918: creating config.h
config.status:1099: config.h is unchanged

## ---------------------- ##
## Running config.status. ##
## ---------------------- ##

This file was extended by honeybrid config.status 0.1.5, which was
generated by GNU Autoconf 2.69.  Invocation command line was

  CONFIG_FILES    = 
  CONFIG_HEADERS  = 
  CONFIG_LINKS    = 
  CONFIG_COMMANDS = 
  $ ./config.status src/Makefile depfiles

on cuco

config.status:918: creating src/Makefile
config.status:1147: executing depfiles commands
